# JRE version: Java(TM) SE Runtime Environment (8.0_144-b01) (build 1.8.0_144-b01)
# Java VM: Java HotSpot(TM) 64-Bit Server VM (25.144-b01 mixed mode bsd-amd64 compressed oops)
Heap:
 PSYoungGen      total 180736K, used 106178K [0x0000000795580000, 0x00000007a3300000, 0x00000007c0000000)
  eden space 157696K, 52% used [0x0000000795580000,0x000000079a6b2470,0x000000079ef80000)
  from space 23040K, 99% used [0x00000007a0980000,0x00000007a1ffe598,0x00000007a2000000)
  to   space 26624K, 0% used [0x000000079ef80000,0x000000079ef80000,0x00000007a0980000)
 ParOldGen       total 80896K, used 18948K [0x0000000740000000, 0x0000000744f00000, 0x0000000795580000)
  object space 80896K, 23% used [0x0000000740000000,0x00000007412811a0,0x0000000744f00000)
 Metaspace       used 34212K, capacity 34938K, committed 35248K, reserved 1079296K
  class space    used 4158K, capacity 4458K, committed 4528K, reserved 1048576K
GC Heap History (10 events):
Event: 19.242 GC heap before
{Heap before GC invocations=9 (full 1):
 PSYoungGen      total 105984K, used 104287K [0x0000000795580000, 0x000000079f600000, 0x00000007c0000000)
  eden space 90112K, 100% used [0x0000000795580000,0x000000079ad80000,0x000000079ad80000)
  from space 15872K, 89% used [0x000000079ad80000,0x000000079bb57c60,0x000000079bd00000)
  to   space 17920K, 0% used [0x000000079e480000,0x000000079e480000,0x000000079f600000)
 ParOldGen       total 80896K, used 17660K [0x0000000740000000, 0x0000000744f00000, 0x0000000795580000)
  object space 80896K, 21% used [0x0000000740000000,0x000000074113f378,0x0000000744f00000)
 Metaspace       used 24884K, capacity 25488K, committed 25776K, reserved 1071104K
  class space    used 2937K, capacity 3170K, committed 3248K, reserved 1048576K
Event: 19.251 GC heap after
Heap after GC invocations=9 (full 1):
 PSYoungGen      total 133120K, used 9084K [0x0000000795580000, 0x000000079ee80000, 0x00000007c0000000)
  eden space 122880K, 0% used [0x0000000795580000,0x0000000795580000,0x000000079cd80000)
  from space 10240K, 88% used [0x000000079e480000,0x000000079ed5f1c8,0x000000079ee80000)
  to   space 16896K, 0% used [0x000000079cd80000,0x000000079cd80000,0x000000079de00000)
 ParOldGen       total 80896K, used 17668K [0x0000000740000000, 0x0000000744f00000, 0x0000000795580000)
  object space 80896K, 21% used [0x0000000740000000,0x0000000741141378,0x0000000744f00000)
 Metaspace       used 24884K, capacity 25488K, committed 25776K, reserved 1071104K
  class space    used 2937K, capacity 3170K, committed 3248K, reserved 1048576K
}
Event: 60.442 GC heap before
{Heap before GC invocations=10 (full 1):
 PSYoungGen      total 133120K, used 131964K [0x0000000795580000, 0x000000079ee80000, 0x00000007c0000000)
  eden space 122880K, 100% used [0x0000000795580000,0x000000079cd80000,0x000000079cd80000)
  from space 10240K, 88% used [0x000000079e480000,0x000000079ed5f1c8,0x000000079ee80000)
  to   space 16896K, 0% used [0x000000079cd80000,0x000000079cd80000,0x000000079de00000)
 ParOldGen       total 80896K, used 17668K [0x0000000740000000, 0x0000000744f00000, 0x0000000795580000)
  object space 80896K, 21% used [0x0000000740000000,0x0000000741141378,0x0000000744f00000)
 Metaspace       used 27647K, capacity 28260K, committed 28720K, reserved 1075200K
  class space    used 3282K, capacity 3516K, committed 3632K, reserved 1048576K
Event: 60.471 GC heap after
Heap after GC invocations=10 (full 1):
 PSYoungGen      total 139776K, used 14723K [0x0000000795580000, 0x00000007a0780000, 0x00000007c0000000)
  eden space 122880K, 0% used [0x0000000795580000,0x0000000795580000,0x000000079cd80000)
  from space 16896K, 87% used [0x000000079cd80000,0x000000079dbe0c20,0x000000079de00000)
  to   space 18432K, 0% used [0x000000079f580000,0x000000079f580000,0x00000007a0780000)
 ParOldGen       total 80896K, used 17676K [0x0000000740000000, 0x0000000744f00000, 0x0000000795580000)
  object space 80896K, 21% used [0x0000000740000000,0x0000000741143378,0x0000000744f00000)
 Metaspace       used 27647K, capacity 28260K, committed 28720K, reserved 1075200K
  class space    used 3282K, capacity 3516K, committed 3632K, reserved 1048576K
}
Event: 74.377 GC heap before
{Heap before GC invocations=11 (full 1):
 PSYoungGen      total 139776K, used 137603K [0x0000000795580000, 0x00000007a0780000, 0x00000007c0000000)
  eden space 122880K, 100% used [0x0000000795580000,0x000000079cd80000,0x000000079cd80000)
  from space 16896K, 87% used [0x000000079cd80000,0x000000079dbe0c20,0x000000079de00000)
  to   space 18432K, 0% used [0x000000079f580000,0x000000079f580000,0x00000007a0780000)
 ParOldGen       total 80896K, used 17676K [0x0000000740000000, 0x0000000744f00000, 0x0000000795580000)
  object space 80896K, 21% used [0x0000000740000000,0x0000000741143378,0x0000000744f00000)
 Metaspace       used 30372K, capacity 31022K, committed 31280K, reserved 1077248K
  class space    used 3651K, capacity 3875K, committed 3888K, reserved 1048576K
Event: 74.404 GC heap after
Heap after GC invocations=11 (full 1):
 PSYoungGen      total 160768K, used 17590K [0x0000000795580000, 0x00000007a0880000, 0x00000007c0000000)
  eden space 142336K, 0% used [0x0000000795580000,0x0000000795580000,0x000000079e080000)
  from space 18432K, 95% used [0x000000079f580000,0x00000007a06ada20,0x00000007a0780000)
  to   space 20480K, 0% used [0x000000079e080000,0x000000079e080000,0x000000079f480000)
 ParOldGen       total 80896K, used 17684K [0x0000000740000000, 0x0000000744f00000, 0x0000000795580000)
  object space 80896K, 21% used [0x0000000740000000,0x0000000741145378,0x0000000744f00000)
 Metaspace       used 30372K, capacity 31022K, committed 31280K, reserved 1077248K
  class space    used 3651K, capacity 3875K, committed 3888K, reserved 1048576K
}
Event: 131.091 GC heap before
{Heap before GC invocations=12 (full 1):
 PSYoungGen      total 160768K, used 159926K [0x0000000795580000, 0x00000007a0880000, 0x00000007c0000000)
  eden space 142336K, 100% used [0x0000000795580000,0x000000079e080000,0x000000079e080000)
  from space 18432K, 95% used [0x000000079f580000,0x00000007a06ada20,0x00000007a0780000)
  to   space 20480K, 0% used [0x000000079e080000,0x000000079e080000,0x000000079f480000)
 ParOldGen       total 80896K, used 17684K [0x0000000740000000, 0x0000000744f00000, 0x0000000795580000)
  object space 80896K, 21% used [0x0000000740000000,0x0000000741145378,0x0000000744f00000)
 Metaspace       used 32649K, capacity 33346K, committed 33712K, reserved 1079296K
  class space    used 3955K, capacity 4228K, committed 4272K, reserved 1048576K
Event: 131.138 GC heap after
Heap after GC invocations=12 (full 1):
 PSYoungGen      total 162816K, used 19981K [0x0000000795580000, 0x00000007a2000000, 0x00000007c0000000)
  eden space 142336K, 0% used [0x0000000795580000,0x0000000795580000,0x000000079e080000)
  from space 20480K, 97% used [0x000000079e080000,0x000000079f403608,0x000000079f480000)
  to   space 23040K, 0% used [0x00000007a0980000,0x00000007a0980000,0x00000007a2000000)
 ParOldGen       total 80896K, used 17692K [0x0000000740000000, 0x0000000744f00000, 0x0000000795580000)
  object space 80896K, 21% used [0x0000000740000000,0x0000000741147378,0x0000000744f00000)
 Metaspace       used 32649K, capacity 33346K, committed 33712K, reserved 1079296K
  class space    used 3955K, capacity 4228K, committed 4272K, reserved 1048576K
}
Event: 132.549 GC heap before
{Heap before GC invocations=13 (full 1):
 PSYoungGen      total 162816K, used 162317K [0x0000000795580000, 0x00000007a2000000, 0x00000007c0000000)
  eden space 142336K, 100% used [0x0000000795580000,0x000000079e080000,0x000000079e080000)
  from space 20480K, 97% used [0x000000079e080000,0x000000079f403608,0x000000079f480000)
  to   space 23040K, 0% used [0x00000007a0980000,0x00000007a0980000,0x00000007a2000000)
 ParOldGen       total 80896K, used 17692K [0x0000000740000000, 0x0000000744f00000, 0x0000000795580000)
  object space 80896K, 21% used [0x0000000740000000,0x0000000741147378,0x0000000744f00000)
 Metaspace       used 32660K, capacity 33354K, committed 33712K, reserved 1079296K
  class space    used 3956K, capacity 4228K, committed 4272K, reserved 1048576K
Event: 132.587 GC heap after
Heap after GC invocations=13 (full 1):
 PSYoungGen      total 180736K, used 23033K [0x0000000795580000, 0x00000007a3300000, 0x00000007c0000000)
  eden space 157696K, 0% used [0x0000000795580000,0x0000000795580000,0x000000079ef80000)
  from space 23040K, 99% used [0x00000007a0980000,0x00000007a1ffe598,0x00000007a2000000)
  to   space 26624K, 0% used [0x000000079ef80000,0x000000079ef80000,0x00000007a0980000)
 ParOldGen       total 80896K, used 18948K [0x0000000740000000, 0x0000000744f00000, 0x0000000795580000)
  object space 80896K, 23% used [0x0000000740000000,0x00000007412811a0,0x0000000744f00000)
 Metaspace       used 32660K, capacity 33354K, committed 33712K, reserved 1079296K
  class space    used 3956K, capacity 4228K, committed 4272K, reserved 1048576K
}

